2023-04-24 16:10:28,915 [INFO] Activator:177 - 


2023-04-24 16:10:28,917 [INFO] Activator:178 - !SESSION log4j initialized
2023-04-24 16:10:49,044 [INFO] McuFinderGlobals:39 - Set McuFinder mode to 2 (CubeIDE integrated)
2023-04-24 16:10:49,544 [INFO] ApplicationProperties:181 - Using Application install path: C:\ST\STM32CubeIDE_1.6.0\STM32CubeIDE\plugins\com.st.stm32cube.common.mx_6.3.0.202107141111
2023-04-24 16:10:49,562 [INFO] DbMcusXml:74 - Set database path to: C:\ST\STM32CubeIDE_1.6.0\STM32CubeIDE\plugins\com.st.stm32cube.common.mx_6.3.0.202107141111\\db\/mcu/
2023-04-24 16:10:49,567 [INFO] DbBoardsPdsc:56 - Set plugin database path to: C:\ST\STM32CubeIDE_1.6.0\STM32CubeIDE\plugins\com.st.stm32cube.common.mx_6.3.0.202107141111\\db\/plugins/boardmanager/
2023-04-24 16:10:49,569 [INFO] DbMcus:258 - Set plugin images path to: C:\ST\STM32CubeIDE_1.6.0\STM32CubeIDE\plugins\com.st.stm32cube.common.mx_6.3.0.202107141111\\db\/plugins/mcufinder/images/
2023-04-24 16:10:49,569 [INFO] DbBoards:264 - Set plugin images path to: C:\ST\STM32CubeIDE_1.6.0\STM32CubeIDE\plugins\com.st.stm32cube.common.mx_6.3.0.202107141111\\db\/plugins/mcufinder/images/
2023-04-24 16:10:49,574 [INFO] DbExamples:333 - Set plugin images path to: C:\ST\STM32CubeIDE_1.6.0\STM32CubeIDE\plugins\com.st.stm32cube.common.mx_6.3.0.202107141111\\db\/plugins/mcufinder/images/
2023-04-24 16:10:49,582 [INFO] DbMcusAds:119 - Set database path to: C:\Users\vigneshv\.stmcufinder\plugins\mcufinder//mcu/
2023-04-24 16:10:49,583 [INFO] DbMcusDocs:110 - Set database path to: C:\Users\vigneshv\.stmcufinder\plugins\mcufinder//mcu/
2023-04-24 16:10:49,585 [INFO] DbMcusJson:64 - Set database path to: C:\Users\vigneshv\.stmcufinder\plugins\mcufinder//mcu/
2023-04-24 16:10:49,586 [INFO] DbBoardsDocs:110 - Set database path to: C:\Users\vigneshv\.stmcufinder\plugins\mcufinder//mcu/
2023-04-24 16:10:49,588 [INFO] DbBoardsJson:57 - Set database path to: C:\Users\vigneshv\.stmcufinder\plugins\mcufinder//mcu/
2023-04-24 16:10:49,600 [INFO] CrossReferenceDbSqlite:196 - Set database path to: C:\Users\vigneshv\.stmcufinder\plugins\mcufinder//mcu/cs/
2023-04-24 16:10:49,607 [INFO] DbExamplesSqlite:767 - Set database path to: C:\Users\vigneshv\.stmcufinder\plugins\mcufinder//mcu/
2023-04-24 16:10:49,734 [INFO] RulesReader:57 - Compatibility file has been processed (242 Rules)
2023-04-24 16:10:49,866 [INFO] DbMcusXml:74 - Set database path to: C:\ST\STM32CubeIDE_1.6.0\STM32CubeIDE\plugins\com.st.stm32cube.common.mx_6.3.0.202107141111\\db\/mcu/
2023-04-24 16:10:49,867 [INFO] DbBoardsPdsc:56 - Set plugin database path to: C:\ST\STM32CubeIDE_1.6.0\STM32CubeIDE\plugins\com.st.stm32cube.common.mx_6.3.0.202107141111\\db\/plugins/boardmanager/
2023-04-24 16:10:49,867 [INFO] DbMcus:258 - Set plugin images path to: C:\ST\STM32CubeIDE_1.6.0\STM32CubeIDE\plugins\com.st.stm32cube.common.mx_6.3.0.202107141111\\db\/plugins/mcufinder/images/
2023-04-24 16:10:49,867 [INFO] DbBoards:264 - Set plugin images path to: C:\ST\STM32CubeIDE_1.6.0\STM32CubeIDE\plugins\com.st.stm32cube.common.mx_6.3.0.202107141111\\db\/plugins/mcufinder/images/
2023-04-24 16:10:49,867 [INFO] DbExamples:333 - Set plugin images path to: C:\ST\STM32CubeIDE_1.6.0\STM32CubeIDE\plugins\com.st.stm32cube.common.mx_6.3.0.202107141111\\db\/plugins/mcufinder/images/
2023-04-24 16:10:49,868 [WARN] DbFile:35 - Overriding database path with different value: C:\Users\vigneshv\.stmcufinder\plugins\mcufinder/ => C:\Users\vigneshv\.stmcufinder\plugins\mcufinder
2023-04-24 16:10:49,868 [INFO] DbMcusAds:119 - Set database path to: C:\Users\vigneshv\.stmcufinder\plugins\mcufinder//mcu/
2023-04-24 16:10:49,868 [WARN] DbFile:35 - Overriding database path with different value: C:\Users\vigneshv\.stmcufinder\plugins\mcufinder/ => C:\Users\vigneshv\.stmcufinder\plugins\mcufinder
2023-04-24 16:10:49,868 [INFO] DbMcusDocs:110 - Set database path to: C:\Users\vigneshv\.stmcufinder\plugins\mcufinder//mcu/
2023-04-24 16:10:49,868 [WARN] DbFile:35 - Overriding database path with different value: C:\Users\vigneshv\.stmcufinder\plugins\mcufinder/ => C:\Users\vigneshv\.stmcufinder\plugins\mcufinder
2023-04-24 16:10:49,868 [INFO] DbMcusJson:64 - Set database path to: C:\Users\vigneshv\.stmcufinder\plugins\mcufinder//mcu/
2023-04-24 16:10:49,868 [WARN] DbFile:35 - Overriding database path with different value: C:\Users\vigneshv\.stmcufinder\plugins\mcufinder/ => C:\Users\vigneshv\.stmcufinder\plugins\mcufinder
2023-04-24 16:10:49,868 [INFO] DbBoardsDocs:110 - Set database path to: C:\Users\vigneshv\.stmcufinder\plugins\mcufinder//mcu/
2023-04-24 16:10:49,868 [WARN] DbFile:35 - Overriding database path with different value: C:\Users\vigneshv\.stmcufinder\plugins\mcufinder/ => C:\Users\vigneshv\.stmcufinder\plugins\mcufinder
2023-04-24 16:10:49,868 [INFO] DbBoardsJson:57 - Set database path to: C:\Users\vigneshv\.stmcufinder\plugins\mcufinder//mcu/
2023-04-24 16:10:49,870 [WARN] DbFile:35 - Overriding database path with different value: C:\Users\vigneshv\.stmcufinder\plugins\mcufinder/ => C:\Users\vigneshv\.stmcufinder\plugins\mcufinder
2023-04-24 16:10:49,870 [WARN] DbFile:35 - Overriding database path with different value: C:\Users\vigneshv\.stmcufinder\plugins\mcufinder/ => C:\Users\vigneshv\.stmcufinder\plugins\mcufinder
2023-04-24 16:10:49,870 [INFO] CrossReferenceDbSqlite:196 - Set database path to: C:\Users\vigneshv\.stmcufinder\plugins\mcufinder//mcu/cs/
2023-04-24 16:10:49,870 [WARN] DbFile:35 - Overriding database path with different value: C:\Users\vigneshv\.stmcufinder\plugins\mcufinder/ => C:\Users\vigneshv\.stmcufinder\plugins\mcufinder
2023-04-24 16:10:49,870 [INFO] DbExamplesSqlite:767 - Set database path to: C:\Users\vigneshv\.stmcufinder\plugins\mcufinder//mcu/
2023-04-24 16:10:49,968 [INFO] MainPanel:214 - HeapMemory: 268435456
2023-04-24 16:10:50,080 [INFO] DbMcusXml:74 - Set database path to: C:\ST\STM32CubeIDE_1.6.0\STM32CubeIDE\plugins\com.st.stm32cube.common.mx_6.3.0.202107141111\\db\/mcu/
2023-04-24 16:10:50,080 [INFO] DbBoardsPdsc:56 - Set plugin database path to: C:\ST\STM32CubeIDE_1.6.0\STM32CubeIDE\plugins\com.st.stm32cube.common.mx_6.3.0.202107141111\\db\/plugins/boardmanager/
2023-04-24 16:10:50,080 [INFO] DbMcus:258 - Set plugin images path to: C:\ST\STM32CubeIDE_1.6.0\STM32CubeIDE\plugins\com.st.stm32cube.common.mx_6.3.0.202107141111\\db\/plugins/mcufinder/images/
2023-04-24 16:10:50,080 [INFO] DbBoards:264 - Set plugin images path to: C:\ST\STM32CubeIDE_1.6.0\STM32CubeIDE\plugins\com.st.stm32cube.common.mx_6.3.0.202107141111\\db\/plugins/mcufinder/images/
2023-04-24 16:10:50,080 [INFO] DbExamples:333 - Set plugin images path to: C:\ST\STM32CubeIDE_1.6.0\STM32CubeIDE\plugins\com.st.stm32cube.common.mx_6.3.0.202107141111\\db\/plugins/mcufinder/images/
2023-04-24 16:10:50,081 [WARN] DbFile:35 - Overriding database path with different value: C:\Users\vigneshv\.stmcufinder\plugins\mcufinder/ => C:\Users\vigneshv\.stmcufinder\plugins\mcufinder
2023-04-24 16:10:50,082 [INFO] DbMcusAds:119 - Set database path to: C:\Users\vigneshv\.stmcufinder\plugins\mcufinder//mcu/
2023-04-24 16:10:50,082 [WARN] DbFile:35 - Overriding database path with different value: C:\Users\vigneshv\.stmcufinder\plugins\mcufinder/ => C:\Users\vigneshv\.stmcufinder\plugins\mcufinder
2023-04-24 16:10:50,082 [INFO] DbMcusDocs:110 - Set database path to: C:\Users\vigneshv\.stmcufinder\plugins\mcufinder//mcu/
2023-04-24 16:10:50,082 [WARN] DbFile:35 - Overriding database path with different value: C:\Users\vigneshv\.stmcufinder\plugins\mcufinder/ => C:\Users\vigneshv\.stmcufinder\plugins\mcufinder
2023-04-24 16:10:50,082 [INFO] DbMcusJson:64 - Set database path to: C:\Users\vigneshv\.stmcufinder\plugins\mcufinder//mcu/
2023-04-24 16:10:50,082 [WARN] DbFile:35 - Overriding database path with different value: C:\Users\vigneshv\.stmcufinder\plugins\mcufinder/ => C:\Users\vigneshv\.stmcufinder\plugins\mcufinder
2023-04-24 16:10:50,082 [INFO] DbBoardsDocs:110 - Set database path to: C:\Users\vigneshv\.stmcufinder\plugins\mcufinder//mcu/
2023-04-24 16:10:50,082 [WARN] DbFile:35 - Overriding database path with different value: C:\Users\vigneshv\.stmcufinder\plugins\mcufinder/ => C:\Users\vigneshv\.stmcufinder\plugins\mcufinder
2023-04-24 16:10:50,082 [INFO] DbBoardsJson:57 - Set database path to: C:\Users\vigneshv\.stmcufinder\plugins\mcufinder//mcu/
2023-04-24 16:10:50,082 [WARN] DbFile:35 - Overriding database path with different value: C:\Users\vigneshv\.stmcufinder\plugins\mcufinder/ => C:\Users\vigneshv\.stmcufinder\plugins\mcufinder
2023-04-24 16:10:50,082 [WARN] DbFile:35 - Overriding database path with different value: C:\Users\vigneshv\.stmcufinder\plugins\mcufinder/ => C:\Users\vigneshv\.stmcufinder\plugins\mcufinder
2023-04-24 16:10:50,083 [INFO] CrossReferenceDbSqlite:196 - Set database path to: C:\Users\vigneshv\.stmcufinder\plugins\mcufinder//mcu/cs/
2023-04-24 16:10:50,083 [WARN] DbFile:35 - Overriding database path with different value: C:\Users\vigneshv\.stmcufinder\plugins\mcufinder/ => C:\Users\vigneshv\.stmcufinder\plugins\mcufinder
2023-04-24 16:10:50,083 [INFO] DbExamplesSqlite:767 - Set database path to: C:\Users\vigneshv\.stmcufinder\plugins\mcufinder//mcu/
2023-04-24 16:10:50,110 [INFO] ApplicationProperties:181 - Using Application install path: C:\ST\STM32CubeIDE_1.6.0\STM32CubeIDE\plugins\com.st.stm32cube.common.mx_6.3.0.202107141111
2023-04-24 16:10:50,111 [INFO] PluginManage:188 - Search for loadable plugins [exclusion list=, ]
2023-04-24 16:10:50,112 [INFO] PluginManage:302 - Check plugin analytics
2023-04-24 16:10:50,317 [INFO] AnalyticsPlugin:257 - Accepted Software Licenses: 
2023-04-24 16:10:50,317 [INFO] AnalyticsPlugin:259 - Accepted CMSIS Pack Licenses: 
2023-04-24 16:10:50,317 [INFO] AnalyticsPlugin:261 - Accepted Firmware Licenses: 
2023-04-24 16:10:50,319 [INFO] PluginManage:352 - Loaded plugin analytics (category:tool,tabindex:-1)
2023-04-24 16:10:50,319 [INFO] PluginManage:302 - Check plugin clock
2023-04-24 16:10:50,347 [INFO] PluginManage:352 - Loaded plugin clock (category:base,tabindex:2)
2023-04-24 16:10:50,347 [INFO] PluginManage:302 - Check plugin ddr
2023-04-24 16:10:50,350 [INFO] PluginManage:352 - Loaded plugin ddr (category:tool,tabindex:6)
2023-04-24 16:10:50,350 [INFO] PluginManage:302 - Check plugin filemanager
2023-04-24 16:10:50,610 [INFO] PluginManage:352 - Loaded plugin filemanager (category:base,tabindex:10)
2023-04-24 16:10:50,611 [INFO] PluginManage:302 - Check plugin ipmanager
2023-04-24 16:10:50,622 [INFO] PluginManage:352 - Loaded plugin ipmanager (category:base,tabindex:5)
2023-04-24 16:10:50,622 [INFO] PluginManage:302 - Check plugin pinoutandconfiguration
2023-04-24 16:10:50,646 [INFO] PluginManage:352 - Loaded plugin pinoutandconfiguration (category:base,tabindex:1)
2023-04-24 16:10:50,646 [INFO] PluginManage:302 - Check plugin pinoutconfig
2023-04-24 16:10:50,696 [INFO] PluginManage:352 - Loaded plugin pinoutconfig (category:base,tabindex:0)
2023-04-24 16:10:50,696 [INFO] PluginManage:302 - Check plugin power
2023-04-24 16:10:50,719 [INFO] PluginManage:352 - Loaded plugin power (category:power,tabindex:4)
2023-04-24 16:10:50,719 [INFO] PluginManage:302 - Check plugin projectmanager
2023-04-24 16:10:50,746 [INFO] PluginManage:352 - Loaded plugin projectmanager (category:projectmanager,tabindex:3)
2023-04-24 16:10:50,746 [INFO] PluginManage:302 - Check plugin thirdparty
2023-04-24 16:10:51,024 [WARN] IntegrityCheckThread:78 - waiting for thirdparty lock release [integrity check]
2023-04-24 16:10:51,025 [INFO] IntegrityCheckThread:80 - entering critical section [integrity check]
2023-04-24 16:10:51,025 [INFO] PluginManage:352 - Loaded plugin thirdparty (category:base,tabindex:-1)
2023-04-24 16:10:51,026 [INFO] PluginManage:302 - Check plugin tools
2023-04-24 16:10:51,026 [INFO] ThirdPartyUpdaterWithRetryManager:66 - Updater plugin not ready yet. [1/15]
2023-04-24 16:10:51,085 [INFO] PluginManage:352 - Loaded plugin tools (category:base,tabindex:7)
2023-04-24 16:10:51,085 [INFO] PluginManage:302 - Check plugin tutovideos
2023-04-24 16:10:51,369 [INFO] PluginManage:352 - Loaded plugin tutovideos (category:base,tabindex:-1)
2023-04-24 16:10:51,369 [INFO] PluginManage:302 - Check plugin updater
2023-04-24 16:10:51,386 [INFO] PluginManage:352 - Loaded plugin updater (category:base,tabindex:12)
2023-04-24 16:10:51,388 [INFO] PluginManage:275 - PluginManage : Loaded plugins [13]
2023-04-24 16:10:51,612 [INFO] PinOutPanel:1463 - setPackage(No Configuration,No Configuration)
2023-04-24 16:10:51,749 [INFO] IPUIPlugin:74 - create IPUIPlugin
2023-04-24 16:10:51,751 [INFO] PluginManager:213 - loadIPPluginJar : add adc
2023-04-24 16:10:51,799 [INFO] IPUIPlugin:74 - create IPUIPlugin
2023-04-24 16:10:51,799 [INFO] PluginManager:213 - loadIPPluginJar : add aes
2023-04-24 16:10:51,855 [INFO] IPUIPlugin:74 - create IPUIPlugin
2023-04-24 16:10:51,856 [INFO] PluginManager:213 - loadIPPluginJar : add can
2023-04-24 16:10:51,886 [INFO] IPUIPlugin:74 - create IPUIPlugin
2023-04-24 16:10:51,886 [INFO] PluginManager:213 - loadIPPluginJar : add comp
2023-04-24 16:10:51,926 [INFO] IPUIPlugin:74 - create IPUIPlugin
2023-04-24 16:10:51,926 [INFO] PluginManager:213 - loadIPPluginJar : add cryp
2023-04-24 16:10:51,965 [INFO] IPUIPlugin:74 - create IPUIPlugin
2023-04-24 16:10:51,965 [INFO] PluginManager:213 - loadIPPluginJar : add dfsdm
2023-04-24 16:10:51,980 [INFO] IPUIPlugin:74 - create IPUIPlugin
2023-04-24 16:10:51,981 [INFO] PluginManager:213 - loadIPPluginJar : add dma
2023-04-24 16:10:52,035 [INFO] IPUIPlugin:74 - create IPUIPlugin
2023-04-24 16:10:52,035 [INFO] PluginManager:213 - loadIPPluginJar : add dma3
2023-04-24 16:10:52,064 [INFO] IPUIPlugin:74 - create IPUIPlugin
2023-04-24 16:10:52,064 [INFO] PluginManager:213 - loadIPPluginJar : add fatfs
2023-04-24 16:10:52,125 [INFO] IPUIPlugin:74 - create IPUIPlugin
2023-04-24 16:10:52,125 [INFO] PluginManager:213 - loadIPPluginJar : add fmc
2023-04-24 16:10:52,144 [INFO] IPUIPlugin:74 - create IPUIPlugin
2023-04-24 16:10:52,144 [INFO] PluginManager:213 - loadIPPluginJar : add freertos
2023-04-24 16:10:52,173 [INFO] IPUIPlugin:74 - create IPUIPlugin
2023-04-24 16:10:52,174 [INFO] PluginManager:213 - loadIPPluginJar : add genericplugin
2023-04-24 16:10:52,266 [INFO] IPUIPlugin:74 - create IPUIPlugin
2023-04-24 16:10:52,266 [INFO] PluginManager:213 - loadIPPluginJar : add gfxmmu
2023-04-24 16:10:52,405 [INFO] IPUIPlugin:74 - create IPUIPlugin
2023-04-24 16:10:52,405 [INFO] PluginManager:213 - loadIPPluginJar : add gic
2023-04-24 16:10:52,420 [INFO] IPUIPlugin:74 - create IPUIPlugin
2023-04-24 16:10:52,421 [INFO] PluginManager:213 - loadIPPluginJar : add gpio
2023-04-24 16:10:52,506 [INFO] IPUIPlugin:74 - create IPUIPlugin
2023-04-24 16:10:52,507 [INFO] PluginManager:213 - loadIPPluginJar : add gtzc
2023-04-24 16:10:52,554 [INFO] IPUIPlugin:74 - create IPUIPlugin
2023-04-24 16:10:52,554 [INFO] PluginManager:213 - loadIPPluginJar : add hash
2023-04-24 16:10:52,614 [INFO] IPUIPlugin:74 - create IPUIPlugin
2023-04-24 16:10:52,614 [INFO] PluginManager:213 - loadIPPluginJar : add i2c
2023-04-24 16:10:52,669 [INFO] IPUIPlugin:74 - create IPUIPlugin
2023-04-24 16:10:52,671 [INFO] PluginManager:213 - loadIPPluginJar : add i2s
2023-04-24 16:10:52,687 [INFO] IPUIPlugin:74 - create IPUIPlugin
2023-04-24 16:10:52,687 [INFO] PluginManager:213 - loadIPPluginJar : add ipddr
2023-04-24 16:10:52,795 [INFO] IPUIPlugin:74 - create IPUIPlugin
2023-04-24 16:10:52,795 [INFO] PluginManager:213 - loadIPPluginJar : add linkedlist
2023-04-24 16:10:52,842 [INFO] IPUIPlugin:74 - create IPUIPlugin
2023-04-24 16:10:52,842 [INFO] PluginManager:213 - loadIPPluginJar : add lorawan
2023-04-24 16:10:52,890 [INFO] IPUIPlugin:74 - create IPUIPlugin
2023-04-24 16:10:52,890 [INFO] PluginManager:213 - loadIPPluginJar : add ltdc
2023-04-24 16:10:52,903 [INFO] IPUIPlugin:74 - create IPUIPlugin
2023-04-24 16:10:52,903 [INFO] PluginManager:213 - loadIPPluginJar : add mdma
2023-04-24 16:10:52,916 [INFO] IPUIPlugin:74 - create IPUIPlugin
2023-04-24 16:10:52,916 [INFO] PluginManager:213 - loadIPPluginJar : add nvic
2023-04-24 16:10:52,966 [INFO] IPUIPlugin:74 - create IPUIPlugin
2023-04-24 16:10:52,966 [INFO] PluginManager:213 - loadIPPluginJar : add opamp
2023-04-24 16:10:53,043 [INFO] IPUIPlugin:74 - create IPUIPlugin
2023-04-24 16:10:53,043 [INFO] PluginManager:213 - loadIPPluginJar : add openamp
2023-04-24 16:10:53,094 [INFO] IPUIPlugin:74 - create IPUIPlugin
2023-04-24 16:10:53,095 [INFO] PluginManager:213 - loadIPPluginJar : add pdm2pcm
2023-04-24 16:10:53,113 [INFO] IPUIPlugin:74 - create IPUIPlugin
2023-04-24 16:10:53,116 [INFO] PluginManager:213 - loadIPPluginJar : add plateformsettings
2023-04-24 16:10:53,149 [INFO] IPUIPlugin:74 - create IPUIPlugin
2023-04-24 16:10:53,149 [INFO] PluginManager:213 - loadIPPluginJar : add quadspi
2023-04-24 16:10:53,164 [INFO] IPUIPlugin:74 - create IPUIPlugin
2023-04-24 16:10:53,165 [INFO] PluginManager:213 - loadIPPluginJar : add resmgrutility
2023-04-24 16:10:53,230 [INFO] IPUIPlugin:74 - create IPUIPlugin
2023-04-24 16:10:53,230 [INFO] PluginManager:213 - loadIPPluginJar : add sai
2023-04-24 16:10:53,282 [INFO] IPUIPlugin:74 - create IPUIPlugin
2023-04-24 16:10:53,282 [INFO] PluginManager:213 - loadIPPluginJar : add spi
2023-04-24 16:10:53,358 [INFO] IPUIPlugin:74 - create IPUIPlugin
2023-04-24 16:10:53,358 [INFO] PluginManager:213 - loadIPPluginJar : add stm32_wpan
2023-04-24 16:10:53,391 [INFO] IPUIPlugin:74 - create IPUIPlugin
2023-04-24 16:10:53,391 [INFO] PluginManager:213 - loadIPPluginJar : add tim
2023-04-24 16:10:53,463 [INFO] IPUIPlugin:74 - create IPUIPlugin
2023-04-24 16:10:53,463 [INFO] PluginManager:213 - loadIPPluginJar : add touchsensing
2023-04-24 16:10:53,499 [INFO] IPUIPlugin:74 - create IPUIPlugin
2023-04-24 16:10:53,499 [INFO] PluginManager:213 - loadIPPluginJar : add tracer_emb
2023-04-24 16:10:53,548 [INFO] IPUIPlugin:74 - create IPUIPlugin
2023-04-24 16:10:53,548 [INFO] PluginManager:213 - loadIPPluginJar : add ts
2023-04-24 16:10:53,581 [INFO] IPUIPlugin:74 - create IPUIPlugin
2023-04-24 16:10:53,581 [INFO] PluginManager:213 - loadIPPluginJar : add tsc
2023-04-24 16:10:53,616 [INFO] IPUIPlugin:74 - create IPUIPlugin
2023-04-24 16:10:53,616 [INFO] PluginManager:213 - loadIPPluginJar : add ucpd
2023-04-24 16:10:53,677 [INFO] IPUIPlugin:74 - create IPUIPlugin
2023-04-24 16:10:53,677 [INFO] PluginManager:213 - loadIPPluginJar : add usart
2023-04-24 16:10:53,734 [INFO] IPUIPlugin:74 - create IPUIPlugin
2023-04-24 16:10:53,734 [INFO] PluginManager:213 - loadIPPluginJar : add usbx
2023-04-24 16:10:54,038 [INFO] ThirdPartyUpdaterWithRetryManager:66 - Updater plugin not ready yet. [2/15]
2023-04-24 16:10:54,078 [FATAL] Updater:294 - Updater called before beeing initialized
2023-04-24 16:10:54,211 [FATAL] Updater:294 - Updater called before beeing initialized
2023-04-24 16:10:54,222 [INFO] DbMcusAds:47 - JSON generation date=Thu Sep 30 12:25:09 IST 2021 (1632984909265)
2023-04-24 16:10:54,223 [FATAL] Updater:294 - Updater called before beeing initialized
2023-04-24 16:10:54,265 [WARN] DetailPanel:314 - Failed to get advertising image, set to default
2023-04-24 16:10:54,369 [FATAL] Updater:294 - Updater called before beeing initialized
2023-04-24 16:10:54,373 [FATAL] Updater:294 - Updater called before beeing initialized
2023-04-24 16:10:54,373 [FATAL] Updater:294 - Updater called before beeing initialized
2023-04-24 16:10:54,373 [WARN] DetailPanel:314 - Failed to get advertising image, set to default
2023-04-24 16:10:54,374 [FATAL] Updater:294 - Updater called before beeing initialized
2023-04-24 16:10:54,443 [ERROR] Updater:1075 - MainUpdater not yet initialized. External WinMGr cannot be set.
2023-04-24 16:10:54,453 [INFO] Updater:1012 - Updater Version found : 6.3.0
2023-04-24 16:10:54,477 [INFO] ApplicationProperties:181 - Using Application install path: C:\ST\STM32CubeIDE_1.6.0\STM32CubeIDE\plugins\com.st.stm32cube.common.mx_6.3.0.202107141111
2023-04-24 16:10:54,807 [INFO] MainUpdater:2671 - connection check result : 10
2023-04-24 16:10:54,808 [INFO] MainUpdater:3359 - Updater definition file requires update
2023-04-24 16:10:54,809 [INFO] MainUpdater:265 - Updater Check For Update Now.
2023-04-24 16:10:54,809 [INFO] MicroXplorer:478 - Change Database Version : DB.6.0.30
2023-04-24 16:10:54,912 [INFO] ServerAccessManage:362 - Download File updaters.zip
2023-04-24 16:10:55,110 [INFO] FileExtend:235 - Unzip File : updaters.zip
2023-04-24 16:10:55,110 [INFO] FileExtend:250 - Standard Zip Deflate
2023-04-24 16:10:55,771 [INFO] ServerAccessManage:362 - Download File PacksControlFlags.xml
2023-04-24 16:10:56,002 [INFO] ServerAccessManage:362 - Download File cubemx.pidx
2023-04-24 16:10:56,151 [INFO] LoadServerUpdatesThread:339 - End of LoadServerUpdate Thread
2023-04-24 16:10:56,317 [INFO] CheckServerUpdateThread:112 - End of CheckServer Thread
2023-04-24 16:10:56,395 [INFO] MainUpdater:2671 - connection check result : 10
2023-04-24 16:10:56,424 [INFO] McuFinderGlobals:52 - Set McuFinderConnectedMode to true
2023-04-24 16:10:56,774 [INFO] ServerAccessManage:362 - Download File mcusAds.json._tmp_
2023-04-24 16:10:56,897 [INFO] LoadUrlFilesThread:145 - End of LoadUrlFiles Thread
2023-04-24 16:10:57,044 [WARN] MainUpdater:1122 - Updater busy. Cannot search thirdparties
2023-04-24 16:10:57,045 [INFO] ThirdPartyUpdaterWithRetryManager:92 - Updater plugin is busy. [1/15]
2023-04-24 16:10:57,811 [INFO] ServerAccessManage:362 - Download File mcusDocs.json._tmp_
2023-04-24 16:10:58,781 [INFO] LoadUrlFilesThread:145 - End of LoadUrlFiles Thread
2023-04-24 16:10:59,061 [INFO] ServerAccessManage:362 - Download File mcusFeaturesAndDescription.json._tmp_
2023-04-24 16:11:00,047 [WARN] MainUpdater:1122 - Updater busy. Cannot search thirdparties
2023-04-24 16:11:00,047 [INFO] ThirdPartyUpdaterWithRetryManager:92 - Updater plugin is busy. [2/15]
2023-04-24 16:11:03,054 [WARN] MainUpdater:1122 - Updater busy. Cannot search thirdparties
2023-04-24 16:11:03,054 [INFO] ThirdPartyUpdaterWithRetryManager:92 - Updater plugin is busy. [3/15]
2023-04-24 16:11:04,974 [INFO] LoadUrlFilesThread:145 - End of LoadUrlFiles Thread
2023-04-24 16:11:05,329 [INFO] ServerAccessManage:362 - Download File boardsDocs.json._tmp_
2023-04-24 16:11:05,475 [INFO] LoadUrlFilesThread:145 - End of LoadUrlFiles Thread
2023-04-24 16:11:05,739 [INFO] ServerAccessManage:362 - Download File boards.json._tmp_
2023-04-24 16:11:06,062 [WARN] MainUpdater:1122 - Updater busy. Cannot search thirdparties
2023-04-24 16:11:06,062 [INFO] ThirdPartyUpdaterWithRetryManager:92 - Updater plugin is busy. [4/15]
2023-04-24 16:11:06,471 [INFO] LoadUrlFilesThread:145 - End of LoadUrlFiles Thread
2023-04-24 16:11:06,702 [INFO] ServerAccessManage:362 - Download File cube-finder-db.zip
2023-04-24 16:11:09,064 [WARN] MainUpdater:1122 - Updater busy. Cannot search thirdparties
2023-04-24 16:11:09,064 [INFO] ThirdPartyUpdaterWithRetryManager:92 - Updater plugin is busy. [5/15]
2023-04-24 16:11:12,079 [WARN] MainUpdater:1122 - Updater busy. Cannot search thirdparties
2023-04-24 16:11:12,079 [INFO] ThirdPartyUpdaterWithRetryManager:92 - Updater plugin is busy. [6/15]
2023-04-24 16:11:15,085 [WARN] MainUpdater:1122 - Updater busy. Cannot search thirdparties
2023-04-24 16:11:15,085 [INFO] ThirdPartyUpdaterWithRetryManager:92 - Updater plugin is busy. [7/15]
2023-04-24 16:11:18,099 [WARN] MainUpdater:1122 - Updater busy. Cannot search thirdparties
2023-04-24 16:11:18,099 [INFO] ThirdPartyUpdaterWithRetryManager:92 - Updater plugin is busy. [8/15]
2023-04-24 16:11:21,114 [WARN] MainUpdater:1122 - Updater busy. Cannot search thirdparties
2023-04-24 16:11:21,115 [INFO] ThirdPartyUpdaterWithRetryManager:92 - Updater plugin is busy. [9/15]
2023-04-24 16:11:24,123 [WARN] MainUpdater:1122 - Updater busy. Cannot search thirdparties
2023-04-24 16:11:24,125 [INFO] ThirdPartyUpdaterWithRetryManager:92 - Updater plugin is busy. [10/15]
2023-04-24 16:11:27,132 [WARN] MainUpdater:1122 - Updater busy. Cannot search thirdparties
2023-04-24 16:11:27,132 [INFO] ThirdPartyUpdaterWithRetryManager:92 - Updater plugin is busy. [11/15]
2023-04-24 16:11:30,136 [WARN] MainUpdater:1122 - Updater busy. Cannot search thirdparties
2023-04-24 16:11:30,136 [INFO] ThirdPartyUpdaterWithRetryManager:92 - Updater plugin is busy. [12/15]
2023-04-24 16:11:31,644 [INFO] FileExtend:235 - Unzip File : cube-finder-db.zip
2023-04-24 16:11:31,645 [INFO] FileExtend:250 - Standard Zip Deflate
2023-04-24 16:11:32,648 [INFO] LoadUrlFilesThread:145 - End of LoadUrlFiles Thread
2023-04-24 16:11:33,138 [WARN] MainUpdater:1122 - Updater busy. Cannot search thirdparties
2023-04-24 16:11:33,138 [INFO] ThirdPartyUpdaterWithRetryManager:92 - Updater plugin is busy. [13/15]
2023-04-24 16:11:33,423 [INFO] ServerAccessManage:362 - Download File crdb.zip
2023-04-24 16:11:34,830 [INFO] FileExtend:235 - Unzip File : crdb.zip
2023-04-24 16:11:34,831 [INFO] FileExtend:250 - Standard Zip Deflate
2023-04-24 16:11:35,048 [INFO] LoadUrlFilesThread:145 - End of LoadUrlFiles Thread
2023-04-24 16:11:35,278 [INFO] ServerAccessManage:362 - Download File tutoVideoDB.zip
2023-04-24 16:11:35,354 [INFO] FileExtend:235 - Unzip File : tutoVideoDB.zip
2023-04-24 16:11:35,354 [INFO] FileExtend:250 - Standard Zip Deflate
2023-04-24 16:11:35,486 [INFO] LoadUrlFilesThread:145 - End of LoadUrlFiles Thread
2023-04-24 16:11:35,489 [INFO] DbMcusAds:47 - JSON generation date=Tue Mar 07 14:20:55 IST 2023 (1678179055335)
2023-04-24 16:11:35,506 [INFO] DbMcusDocs:143 - JSON generation date=Tue Nov 16 21:47:54 IST 2021 (1637079474)
2023-04-24 16:11:35,507 [INFO] DbMcusXml:100 - Load MCU database from C:\ST\STM32CubeIDE_1.6.0\STM32CubeIDE\plugins\com.st.stm32cube.common.mx_6.3.0.202107141111\\db\/mcu/families.xml
2023-04-24 16:11:36,392 [INFO] DbMcusJson:93 - JSON generation date=Tue Nov 16 21:47:54 IST 2021 (1637079474)
2023-04-24 16:11:36,481 [WARN] PackLoader:238 - Cannot read IP mode file for STMicroelectronics.X-CUBE-GNSS1.6.0.0
2023-04-24 16:11:36,556 [WARN] PackLoader:238 - Cannot read IP mode file for STMicroelectronics.X-CUBE-AZRTOS-F4.1.1.0
2023-04-24 16:11:36,577 [ERROR] Engine:463 - C:\Users\vigneshv\.stm32cubemx\thirdparties\pdsc\STMicroelectronics.X-CUBE-SMBUS.2.1.0.pdsc: PDSC version is not supported
2023-04-24 16:11:36,695 [WARN] PackLoader:238 - Cannot read IP mode file for STMicroelectronics.X-CUBE-MEMS1.9.2.0
2023-04-24 16:11:37,046 [WARN] PackLoader:238 - Cannot read IP mode file for STMicroelectronics.X-CUBE-BLEMGR.1.2.0
2023-04-24 16:11:37,127 [WARN] PackLoader:238 - Cannot read IP mode file for STMicroelectronics.X-CUBE-AZRTOS-F7.1.1.0
2023-04-24 16:11:37,151 [WARN] PackLoader:238 - Cannot read IP mode file for STMicroelectronics.X-CUBE-AI.7.1.0
2023-04-24 16:11:37,172 [WARN] PackLoader:238 - Cannot read IP mode file for STMicroelectronics.X-CUBE-TOUCHGFX.4.19.1
2023-04-24 16:11:37,194 [WARN] PackLoader:238 - Cannot read IP mode file for STMicroelectronics.X-CUBE-BLE1.6.2.3
2023-04-24 16:11:37,226 [WARN] PackLoader:238 - Cannot read IP mode file for STMicroelectronics.X-CUBE-BLE1.6.2.4
2023-04-24 16:11:37,253 [WARN] PackLoader:238 - Cannot read IP mode file for STMicroelectronics.X-CUBE-BLEMGR.2.0.0
2023-04-24 16:11:37,278 [WARN] PackLoader:238 - Cannot read IP mode file for STMicroelectronics.X-CUBE-NFC4.2.0.5
2023-04-24 16:11:37,302 [WARN] PackLoader:238 - Cannot read IP mode file for STMicroelectronics.X-CUBE-NFC4.2.0.4
2023-04-24 16:11:37,324 [WARN] PackLoader:238 - Cannot read IP mode file for STMicroelectronics.X-CUBE-BLE2.3.2.2
2023-04-24 16:11:37,382 [WARN] ConditionMgr:437 - getConditionDescription Invalid condition id : UX DEVICE CLASS RTOS Condition cause : null
2023-04-24 16:11:37,383 [WARN] ConditionMgr:437 - getConditionDescription Invalid condition id : UX DEVICE CLASS RTOS Condition cause : null
2023-04-24 16:11:37,390 [WARN] PackLoader:238 - Cannot read IP mode file for STMicroelectronics.X-CUBE-AZRTOS-H7.3.1.0
2023-04-24 16:11:37,392 [WARN] ConditionMgr:1038 - genDependencies : Invalid condition id : UX DEVICE CLASS RTOS Condition cause : null
2023-04-24 16:11:37,392 [WARN] ConditionMgr:1038 - genDependencies : Invalid condition id : UX DEVICE CLASS RTOS Condition cause : null
2023-04-24 16:11:37,394 [WARN] ConditionMgr:1038 - genDependencies : Invalid condition id : UX DEVICE CLASS RTOS Condition cause : null
2023-04-24 16:11:37,394 [WARN] ConditionMgr:1038 - genDependencies : Invalid condition id : UX DEVICE CLASS RTOS Condition cause : null
2023-04-24 16:11:37,394 [WARN] ConditionMgr:1038 - genDependencies : Invalid condition id : UX DEVICE CLASS RTOS Condition cause : null
2023-04-24 16:11:37,425 [WARN] PackLoader:238 - Cannot read IP mode file for STMicroelectronics.X-CUBE-TOF1.3.1.0
2023-04-24 16:11:37,455 [WARN] PackLoader:238 - Cannot read IP mode file for STMicroelectronics.X-CUBE-SFXS2LP1.3.1.0
2023-04-24 16:11:37,474 [ERROR] Engine:463 - C:\Users\vigneshv\.stm32cubemx\thirdparties\pdsc\STMicroelectronics.X-CUBE-DISPLAY.3.0.0.pdsc: PDSC version is not supported
2023-04-24 16:11:37,523 [INFO] DbMcus:175 - Found 1951 MCUs (1903 are supported by CubeMX, 1914 are visible in CubeMX)
2023-04-24 16:11:37,524 [WARN] PackLoader:238 - Cannot read IP mode file for STMicroelectronics.X-CUBE-AZRTOS-F4.1.0.0
2023-04-24 16:11:37,524 [INFO] ApiDb:251 - Load user favorites file C:\Users\vigneshv/.stm32cubeide/favorites.mcus.txt: 0 item(s)
2023-04-24 16:11:37,524 [INFO] ApiDb:255 - User favorites MCUs=[]
2023-04-24 16:11:37,524 [INFO] DbMcus:187 - Set 0 / 0 favorites MCUs
2023-04-24 16:11:37,542 [WARN] PackLoader:238 - Cannot read IP mode file for STMicroelectronics.X-CUBE-NFC7.1.0.0
2023-04-24 16:11:37,658 [WARN] PackLoader:238 - Cannot read IP mode file for STMicroelectronics.X-CUBE-MEMS1.9.3.0
2023-04-24 16:11:37,858 [WARN] PackLoader:238 - Cannot read IP mode file for STMicroelectronics.X-CUBE-EEPRMA1.4.1.0
2023-04-24 16:11:37,875 [WARN] PackLoader:238 - Cannot read IP mode file for STMicroelectronics.X-CUBE-AI.7.2.0
2023-04-24 16:11:37,920 [WARN] PackLoader:238 - Cannot read IP mode file for STMicroelectronics.X-CUBE-AZRTOS-G0.1.0.0
2023-04-24 16:11:37,945 [WARN] PackLoader:238 - Cannot read IP mode file for WES.I-CUBE-Cesium.1.3.0
2023-04-24 16:11:37,962 [WARN] PackLoader:238 - Cannot read IP mode file for STMicroelectronics.X-CUBE-SFXS2LP1.4.0.0
2023-04-24 16:11:37,981 [WARN] PackLoader:238 - Cannot read IP mode file for STMicroelectronics.X-CUBE-BLE2.3.3.0
2023-04-24 16:11:38,002 [WARN] PackLoader:238 - Cannot read IP mode file for STMicroelectronics.X-CUBE-DISPLAY.2.2.0
2023-04-24 16:11:38,025 [WARN] PackLoader:238 - Cannot read IP mode file for STMicroelectronics.X-CUBE-TOF1.3.2.0
2023-04-24 16:11:38,073 [WARN] PackLoader:238 - Cannot read IP mode file for STMicroelectronics.X-CUBE-AZRTOS-H7.3.0.0
2023-04-24 16:11:38,094 [WARN] PackLoader:238 - Cannot read IP mode file for STMicroelectronics.X-CUBE-ISPU.1.0.0
2023-04-24 16:11:38,108 [WARN] PackLoader:238 - Cannot read IP mode file for STMicroelectronics.X-CUBE-ISPU.1.1.0
2023-04-24 16:11:38,126 [WARN] PackLoader:238 - Cannot read IP mode file for RoweBots.I-CUBE-UNISONRTOS.5.5.0-4
2023-04-24 16:11:38,144 [INFO] DbMcusDocs:79 - Found 682 MCUs documents
2023-04-24 16:11:38,148 [INFO] ApiDb:276 - Save user favorites file C:\Users\vigneshv/.stm32cubeide/favorites.mcus.txt: 0 item(s)
2023-04-24 16:11:38,149 [INFO] ApiDb:280 - User favorites MCUs=[]
2023-04-24 16:11:38,149 [INFO] DbMcusXml:100 - Load MCU database from C:\ST\STM32CubeIDE_1.6.0\STM32CubeIDE\plugins\com.st.stm32cube.common.mx_6.3.0.202107141111\\db\/mcu/families.xml
2023-04-24 16:11:38,177 [WARN] PackLoader:238 - Cannot read IP mode file for STMicroelectronics.X-CUBE-AZRTOS-H7.2.1.0
2023-04-24 16:11:38,194 [WARN] PackLoader:238 - Cannot read IP mode file for STMicroelectronics.X-CUBE-AI.8.0.0
2023-04-24 16:11:38,206 [ERROR] Engine:463 - C:\Users\vigneshv\.stm32cubemx\thirdparties\pdsc\STMicroelectronics.X-CUBE-FREERTOS.1.0.0.pdsc: PDSC version is not supported
2023-04-24 16:11:38,218 [ERROR] Engine:463 - C:\Users\vigneshv\.stm32cubemx\thirdparties\pdsc\STMicroelectronics.X-CUBE-FREERTOS.1.0.1.pdsc: PDSC version is not supported
2023-04-24 16:11:38,228 [WARN] PackLoader:238 - Cannot read IP mode file for STMicroelectronics.X-CUBE-TOUCHGFX.4.21.1
2023-04-24 16:11:38,243 [WARN] PackLoader:238 - Cannot read IP mode file for STMicroelectronics.X-CUBE-TOUCHGFX.4.21.0
2023-04-24 16:11:38,275 [WARN] PackLoader:238 - Cannot read IP mode file for STMicroelectronics.X-CUBE-TOUCHGFX.4.21.3
2023-04-24 16:11:38,296 [WARN] PackLoader:238 - Cannot read IP mode file for STMicroelectronics.X-CUBE-BLEMGR.1.0.0
2023-04-24 16:11:38,389 [WARN] PackLoader:238 - Cannot read IP mode file for STMicroelectronics.X-CUBE-MEMS1.9.4.0
2023-04-24 16:11:38,722 [WARN] PackLoader:238 - Cannot read IP mode file for STMicroelectronics.X-CUBE-AI.7.3.0
2023-04-24 16:11:38,742 [WARN] PackLoader:238 - Cannot read IP mode file for STMicroelectronics.X-CUBE-ALGOBUILD.1.3.0
2023-04-24 16:11:38,780 [WARN] PackLoader:238 - Cannot read IP mode file for STMicroelectronics.X-CUBE-AZRTOS-L5.1.1.0
2023-04-24 16:11:38,823 [WARN] PackLoader:238 - Cannot read IP mode file for STMicroelectronics.X-CUBE-AZRTOS-G0.1.1.0
2023-04-24 16:11:38,851 [WARN] PackLoader:238 - Cannot read IP mode file for STMicroelectronics.X-CUBE-SUBG2.5.0.0
2023-04-24 16:11:38,877 [WARN] PackLoader:238 - Cannot read IP mode file for STMicroelectronics.X-CUBE-NFC4.3.0.0
2023-04-24 16:11:38,936 [WARN] PackLoader:238 - Cannot read IP mode file for SEGGER.I-CUBE-embOS.1.2.0
2023-04-24 16:11:39,070 [WARN] PackLoader:238 - Cannot read IP mode file for STMicroelectronics.X-CUBE-DISPLAY.2.1.0
2023-04-24 16:11:39,098 [WARN] PackLoader:238 - Cannot read IP mode file for STMicroelectronics.X-CUBE-TOF1.3.3.0
2023-04-24 16:11:39,127 [WARN] PackLoader:238 - Cannot read IP mode file for STMicroelectronics.FP-ATR-ASTRA1.1.1.1
2023-04-24 16:11:39,141 [WARN] PackLoader:238 - Cannot read IP mode file for STMicroelectronics.FP-ATR-ASTRA1.1.1.0
2023-04-24 16:11:39,161 [WARN] PackLoader:238 - Cannot read IP mode file for STMicroelectronics.X-CUBE-BLEMGR.1.3.0
2023-04-24 16:11:39,197 [WARN] PackLoader:238 - Cannot read IP mode file for STMicroelectronics.X-CUBE-AZRTOS-G4.1.0.0
2023-04-24 16:11:39,202 [INFO] DbMcusJson:93 - JSON generation date=Tue Nov 16 21:47:54 IST 2021 (1637079474)
2023-04-24 16:11:39,212 [WARN] PackLoader:238 - Cannot read IP mode file for STMicroelectronics.FP-ATR-SIGFOX1.3.2.0
2023-04-24 16:11:39,228 [WARN] PackLoader:238 - Cannot read IP mode file for wolfSSL.I-CUBE-wolfSSL.5.3.0
2023-04-24 16:11:39,261 [WARN] PackLoader:238 - Cannot read IP mode file for STMicroelectronics.X-CUBE-AZRTOS-L4.1.0.0
2023-04-24 16:11:39,278 [WARN] PackLoader:238 - Cannot read IP mode file for emotas.I-CUBE-CANOPEN.1.1.2
2023-04-24 16:11:39,292 [WARN] PackLoader:238 - Cannot read IP mode file for STMicroelectronics.X-CUBE-TOUCHGFX.4.20.0
2023-04-24 16:11:39,328 [WARN] PackLoader:238 - Cannot read IP mode file for STMicroelectronics.X-CUBE-AZRTOS-F7.1.0.0
2023-04-24 16:11:39,360 [WARN] PackLoader:238 - Cannot read IP mode file for STMicroelectronics.X-CUBE-AZRTOS-WL.1.0.0
2023-04-24 16:11:39,377 [WARN] PackLoader:238 - Cannot read IP mode file for portGmbH.I-Cube-SoM-uGOAL.1.1.0
2023-04-24 16:11:39,394 [WARN] PackLoader:238 - Cannot read IP mode file for STMicroelectronics.X-CUBE-ALS.1.0.1
2023-04-24 16:11:39,499 [WARN] PackLoader:238 - Cannot read IP mode file for STMicroelectronics.X-CUBE-MEMS1.9.5.0
2023-04-24 16:11:39,880 [WARN] PackLoader:238 - Cannot read IP mode file for STMicroelectronics.X-CUBE-AZRTOS-WB.1.1.0
2023-04-24 16:11:39,962 [WARN] PackLoader:238 - Cannot read IP mode file for SEGGER.I-CUBE-embOS.1.3.1
2023-04-24 16:11:40,101 [WARN] PackLoader:238 - Cannot read IP mode file for STMicroelectronics.X-CUBE-AZRTOS-L5.1.0.0
2023-04-24 16:11:40,123 [WARN] PackLoader:238 - Cannot read IP mode file for STMicroelectronics.X-CUBE-EEPRMA1.3.1.1
2023-04-24 16:11:40,142 [WARN] PackLoader:238 - Cannot read IP mode file for STMicroelectronics.X-CUBE-GNSS1.5.2.0
2023-04-24 16:11:40,158 [WARN] PackLoader:238 - Cannot read IP mode file for STMicroelectronics.FP-ATR-ASTRA1.2.0.0
2023-04-24 16:11:40,178 [WARN] PackLoader:238 - Cannot read IP mode file for STMicroelectronics.X-CUBE-TOF1.3.0.0
2023-04-24 16:11:40,184 [INFO] ThirdParty:915 - Integrity check success = true
2023-04-24 16:11:40,184 [INFO] IntegrityCheckThread:94 - exiting critical section [integrity check]
2023-04-24 16:11:40,184 [INFO] IntegrityCheckThread:97 - End integrity checks thread
2023-04-24 16:11:40,207 [INFO] DbMcus:175 - Found 1951 MCUs (1903 are supported by CubeMX, 1914 are visible in CubeMX)
2023-04-24 16:11:40,207 [INFO] ApiDb:251 - Load user favorites file C:\Users\vigneshv/.stm32cubeide/favorites.mcus.txt: 0 item(s)
2023-04-24 16:11:40,207 [INFO] ApiDb:255 - User favorites MCUs=[]
2023-04-24 16:11:40,207 [INFO] DbMcus:187 - Set 0 / 0 favorites MCUs
2023-04-24 16:11:40,216 [INFO] DbBoardsDocs:143 - JSON generation date=Tue Nov 16 21:47:54 IST 2021 (1637079474)
2023-04-24 16:11:40,238 [INFO] DbBoardsPdsc:90 - Found 25 items
2023-04-24 16:11:40,253 [INFO] DbBoardsPdsc:90 - Found 9 items
2023-04-24 16:11:40,266 [INFO] DbBoardsPdsc:90 - Found 33 items
2023-04-24 16:11:40,277 [INFO] DbBoardsPdsc:90 - Found 1 items
2023-04-24 16:11:40,296 [INFO] DbBoardsPdsc:90 - Found 48 items
2023-04-24 16:11:40,321 [INFO] DbBoardsPdsc:90 - Found 43 items
2023-04-24 16:11:40,332 [INFO] DbBoardsPdsc:90 - Found 2 items
2023-04-24 16:11:40,347 [INFO] DbBoardsPdsc:90 - Found 5 items
2023-04-24 16:11:40,354 [WARN] DbBoardsPdsc:254 - Board STM32H7B3I-DK: unknown feature type=Audio, name=, username=Audio stereo codec with Headphone Amp (CS42L51-CNZ), n=1
2023-04-24 16:11:40,355 [WARN] DbBoardsPdsc:254 - Board STM32H735G-DK: unknown feature type=Audio, name=, username=Audio stereo codec with Headphone Amp (WM8994ECS/R), n=1
2023-04-24 16:11:40,358 [WARN] DbBoardsPdsc:254 - Board STM32H7B3I-EVAL: unknown feature type=Audio, name=, username=Multi-Channel Audio Codec (CS42L51-CNZ), n=1
2023-04-24 16:11:40,358 [WARN] DbBoardsPdsc:254 - Board STM32H7B3I-EVAL: unknown feature type=Meter, name=, username=Power-metering and Temperature-monitoring with sigma-delta modulators, n=1
2023-04-24 16:11:40,358 [WARN] DbBoardsPdsc:254 - Board STM32H7B3I-EVAL: unknown feature type=Motor, name=, username=Motor Control, n=1
2023-04-24 16:11:40,358 [WARN] DbBoardsPdsc:254 - Board STM32U575I-EV: unknown feature type=joystick, name=, username=4-direction joystick with selection button, n=1
2023-04-24 16:11:40,378 [INFO] DbBoardsJson:86 - JSON generation date=Tue Nov 16 21:47:54 IST 2021 (1637079474)
2023-04-24 16:11:40,391 [INFO] DbBoards:117 - Found 167 boards (163 are supported by CubeMX)
2023-04-24 16:11:40,395 [INFO] DbBoardsDocs:143 - JSON generation date=Tue Nov 16 21:47:54 IST 2021 (1637079474)
2023-04-24 16:11:40,401 [INFO] DbBoardsDocs:79 - Found 209 boards documents
2023-04-24 16:11:40,403 [WARN] DbBoards:127 - board B-L475E-IOT01A2 has no document id list !
2023-04-24 16:11:40,405 [WARN] DbBoards:127 - board NUCLEO-H743ZI has no document id list !
2023-04-24 16:11:40,407 [WARN] DbBoards:127 - board NUCLEO-WL55JC2 has no document id list !
2023-04-24 16:11:40,407 [WARN] DbBoards:127 - board P-NUCLEO-WB55-Nucleo has no document id list !
2023-04-24 16:11:40,407 [WARN] DbBoards:127 - board P-NUCLEO-WB55-USBDongle has no document id list !
2023-04-24 16:11:40,407 [WARN] DbBoards:127 - board STEVAL-BFA001V1B has no document id list !
2023-04-24 16:11:40,407 [WARN] DbBoards:127 - board STEVAL-BFA001V2B has no document id list !
2023-04-24 16:11:40,407 [WARN] DbBoards:127 - board STEVAL-IDP005V1 has no document id list !
2023-04-24 16:11:40,407 [WARN] DbBoards:127 - board STEVAL-IDP005V2 has no document id list !
2023-04-24 16:11:40,407 [WARN] DbBoards:127 - board STEVAL-MKSBOX1V1 has no document id list !
2023-04-24 16:11:40,407 [WARN] DbBoards:127 - board STEVAL-STWINKT1 has no document id list !
2023-04-24 16:11:40,407 [WARN] DbBoards:127 - board STEVAL-STWINKT1B has no document id list !
2023-04-24 16:11:40,407 [WARN] DbBoards:127 - board STM32439I-EVAL2 has no document id list !
2023-04-24 16:11:40,408 [WARN] DbBoards:127 - board STM32F401C-DISCO has no document id list !
2023-04-24 16:11:40,408 [WARN] DbBoards:127 - board STM32F769I-DISC1 has no document id list !
2023-04-24 16:11:40,410 [WARN] DbBoards:127 - board STM32G474E-EVAL1 has no document id list !
2023-04-24 16:11:40,410 [WARN] DbBoards:127 - board STM32H743I-EVAL2 has no document id list !
2023-04-24 16:11:40,410 [WARN] DbBoards:127 - board STM32H747I-DISC1 has no document id list !
2023-04-24 16:11:40,411 [WARN] DbBoards:127 - board STM32H753I-EVAL2 has no document id list !
2023-04-24 16:11:40,411 [WARN] DbBoards:127 - board STM32L-DISCOVERY has no document id list !
2023-04-24 16:11:40,600 [ERROR] DbBoards:189 - Image file not found for board B-U585I-IOT02A: C:\ST\STM32CubeIDE_1.6.0\STM32CubeIDE\plugins\com.st.stm32cube.common.mx_6.3.0.202107141111\\db\/plugins/mcufinder/images/boards/B-U585I-IOT02A_small.jpg
2023-04-24 16:11:40,769 [ERROR] DbBoards:189 - Image file not found for board NUCLEO-F413ZH: C:\ST\STM32CubeIDE_1.6.0\STM32CubeIDE\plugins\com.st.stm32cube.common.mx_6.3.0.202107141111\\db\/plugins/mcufinder/images/boards/nucleo-f413zh_small.jpg
2023-04-24 16:11:41,105 [ERROR] DbBoards:189 - Image file not found for board NUCLEO-L552ZE-Q: C:\ST\STM32CubeIDE_1.6.0\STM32CubeIDE\plugins\com.st.stm32cube.common.mx_6.3.0.202107141111\\db\/plugins/mcufinder/images/boards/nucleo_l552ze_q_small.jpg
2023-04-24 16:11:41,105 [ERROR] DbBoards:189 - Image file not found for board NUCLEO-U575ZI-Q: C:\ST\STM32CubeIDE_1.6.0\STM32CubeIDE\plugins\com.st.stm32cube.common.mx_6.3.0.202107141111\\db\/plugins/mcufinder/images/boards/nucleo-u575zi-q_small.jpg
2023-04-24 16:11:41,105 [ERROR] DbBoards:189 - Image file not found for board NUCLEO-WB15CC: C:\ST\STM32CubeIDE_1.6.0\STM32CubeIDE\plugins\com.st.stm32cube.common.mx_6.3.0.202107141111\\db\/plugins/mcufinder/images/boards/nucleo-wb15cc_small.jpg
2023-04-24 16:11:41,105 [ERROR] DbBoards:189 - Image file not found for board NUCLEO-WB55RG: C:\ST\STM32CubeIDE_1.6.0\STM32CubeIDE\plugins\com.st.stm32cube.common.mx_6.3.0.202107141111\\db\/plugins/mcufinder/images/boards/nucleo-wb55rg_small.jpg
2023-04-24 16:11:42,927 [INFO] ApiDb:251 - Load user favorites file C:\Users\vigneshv/.stm32cubeide/favorites.boards.txt: 0 item(s)
2023-04-24 16:11:42,927 [INFO] ApiDb:255 - User favorites Boards=[]
2023-04-24 16:11:42,927 [INFO] DbBoards:206 - Set 0 / 0 favorites Boards
2023-04-24 16:11:42,929 [INFO] DbBoardsDocs:79 - Found 418 boards documents
2023-04-24 16:11:42,930 [INFO] ApiDb:276 - Save user favorites file C:\Users\vigneshv/.stm32cubeide/favorites.boards.txt: 0 item(s)
2023-04-24 16:11:42,931 [INFO] ApiDb:280 - User favorites Boards=[]
2023-04-24 16:11:42,936 [INFO] DbBoardsPdsc:90 - Found 25 items
2023-04-24 16:11:42,937 [INFO] DbBoardsPdsc:90 - Found 9 items
2023-04-24 16:11:42,941 [INFO] DbBoardsPdsc:90 - Found 33 items
2023-04-24 16:11:42,942 [INFO] DbBoardsPdsc:90 - Found 1 items
2023-04-24 16:11:42,946 [INFO] DbBoardsPdsc:90 - Found 48 items
2023-04-24 16:11:42,957 [INFO] DbBoardsPdsc:90 - Found 43 items
2023-04-24 16:11:42,959 [INFO] DbBoardsPdsc:90 - Found 2 items
2023-04-24 16:11:42,961 [INFO] DbBoardsPdsc:90 - Found 5 items
2023-04-24 16:11:42,963 [WARN] DbBoardsPdsc:254 - Board STM32H7B3I-DK: unknown feature type=Audio, name=, username=Audio stereo codec with Headphone Amp (CS42L51-CNZ), n=1
2023-04-24 16:11:42,963 [WARN] DbBoardsPdsc:254 - Board STM32H735G-DK: unknown feature type=Audio, name=, username=Audio stereo codec with Headphone Amp (WM8994ECS/R), n=1
2023-04-24 16:11:42,966 [WARN] DbBoardsPdsc:254 - Board STM32H7B3I-EVAL: unknown feature type=Audio, name=, username=Multi-Channel Audio Codec (CS42L51-CNZ), n=1
2023-04-24 16:11:42,967 [WARN] DbBoardsPdsc:254 - Board STM32H7B3I-EVAL: unknown feature type=Meter, name=, username=Power-metering and Temperature-monitoring with sigma-delta modulators, n=1
2023-04-24 16:11:42,967 [WARN] DbBoardsPdsc:254 - Board STM32H7B3I-EVAL: unknown feature type=Motor, name=, username=Motor Control, n=1
2023-04-24 16:11:42,968 [WARN] DbBoardsPdsc:254 - Board STM32U575I-EV: unknown feature type=joystick, name=, username=4-direction joystick with selection button, n=1
2023-04-24 16:11:43,006 [INFO] DbBoardsJson:86 - JSON generation date=Tue Nov 16 21:47:54 IST 2021 (1637079474)
2023-04-24 16:11:43,011 [INFO] DbBoards:117 - Found 167 boards (163 are supported by CubeMX)
2023-04-24 16:11:43,011 [WARN] DbBoards:127 - board B-L475E-IOT01A2 has no document id list !
2023-04-24 16:11:43,012 [WARN] DbBoards:127 - board NUCLEO-H743ZI has no document id list !
2023-04-24 16:11:43,013 [WARN] DbBoards:127 - board NUCLEO-WL55JC2 has no document id list !
2023-04-24 16:11:43,013 [WARN] DbBoards:127 - board P-NUCLEO-WB55-Nucleo has no document id list !
2023-04-24 16:11:43,013 [WARN] DbBoards:127 - board P-NUCLEO-WB55-USBDongle has no document id list !
2023-04-24 16:11:43,013 [WARN] DbBoards:127 - board STEVAL-BFA001V1B has no document id list !
2023-04-24 16:11:43,013 [WARN] DbBoards:127 - board STEVAL-BFA001V2B has no document id list !
2023-04-24 16:11:43,013 [WARN] DbBoards:127 - board STEVAL-IDP005V1 has no document id list !
2023-04-24 16:11:43,013 [WARN] DbBoards:127 - board STEVAL-IDP005V2 has no document id list !
2023-04-24 16:11:43,013 [WARN] DbBoards:127 - board STEVAL-MKSBOX1V1 has no document id list !
2023-04-24 16:11:43,013 [WARN] DbBoards:127 - board STEVAL-STWINKT1 has no document id list !
2023-04-24 16:11:43,013 [WARN] DbBoards:127 - board STEVAL-STWINKT1B has no document id list !
2023-04-24 16:11:43,013 [WARN] DbBoards:127 - board STM32439I-EVAL2 has no document id list !
2023-04-24 16:11:43,013 [WARN] DbBoards:127 - board STM32F401C-DISCO has no document id list !
2023-04-24 16:11:43,013 [WARN] DbBoards:127 - board STM32F769I-DISC1 has no document id list !
2023-04-24 16:11:43,013 [WARN] DbBoards:127 - board STM32G474E-EVAL1 has no document id list !
2023-04-24 16:11:43,013 [WARN] DbBoards:127 - board STM32H743I-EVAL2 has no document id list !
2023-04-24 16:11:43,013 [WARN] DbBoards:127 - board STM32H747I-DISC1 has no document id list !
2023-04-24 16:11:43,013 [WARN] DbBoards:127 - board STM32H753I-EVAL2 has no document id list !
2023-04-24 16:11:43,013 [WARN] DbBoards:127 - board STM32L-DISCOVERY has no document id list !
2023-04-24 16:11:43,123 [ERROR] DbBoards:189 - Image file not found for board B-U585I-IOT02A: C:\ST\STM32CubeIDE_1.6.0\STM32CubeIDE\plugins\com.st.stm32cube.common.mx_6.3.0.202107141111\\db\/plugins/mcufinder/images/boards/B-U585I-IOT02A_small.jpg
2023-04-24 16:11:43,239 [ERROR] DbBoards:189 - Image file not found for board NUCLEO-F413ZH: C:\ST\STM32CubeIDE_1.6.0\STM32CubeIDE\plugins\com.st.stm32cube.common.mx_6.3.0.202107141111\\db\/plugins/mcufinder/images/boards/nucleo-f413zh_small.jpg
2023-04-24 16:11:43,464 [ERROR] DbBoards:189 - Image file not found for board NUCLEO-L552ZE-Q: C:\ST\STM32CubeIDE_1.6.0\STM32CubeIDE\plugins\com.st.stm32cube.common.mx_6.3.0.202107141111\\db\/plugins/mcufinder/images/boards/nucleo_l552ze_q_small.jpg
2023-04-24 16:11:43,465 [ERROR] DbBoards:189 - Image file not found for board NUCLEO-U575ZI-Q: C:\ST\STM32CubeIDE_1.6.0\STM32CubeIDE\plugins\com.st.stm32cube.common.mx_6.3.0.202107141111\\db\/plugins/mcufinder/images/boards/nucleo-u575zi-q_small.jpg
2023-04-24 16:11:43,465 [ERROR] DbBoards:189 - Image file not found for board NUCLEO-WB15CC: C:\ST\STM32CubeIDE_1.6.0\STM32CubeIDE\plugins\com.st.stm32cube.common.mx_6.3.0.202107141111\\db\/plugins/mcufinder/images/boards/nucleo-wb15cc_small.jpg
2023-04-24 16:11:43,465 [ERROR] DbBoards:189 - Image file not found for board NUCLEO-WB55RG: C:\ST\STM32CubeIDE_1.6.0\STM32CubeIDE\plugins\com.st.stm32cube.common.mx_6.3.0.202107141111\\db\/plugins/mcufinder/images/boards/nucleo-wb55rg_small.jpg
2023-04-24 16:11:44,359 [INFO] ApiDb:251 - Load user favorites file C:\Users\vigneshv/.stm32cubeide/favorites.boards.txt: 0 item(s)
2023-04-24 16:11:44,359 [INFO] ApiDb:255 - User favorites Boards=[]
2023-04-24 16:11:44,359 [INFO] DbBoards:206 - Set 0 / 0 favorites Boards
2023-04-24 16:11:44,471 [INFO] ServerAccessManage:362 - Download File 
2023-04-24 16:11:44,486 [INFO] LoadUrlFilesThread:172 - End of LoadServerUrlFiles without Thread
2023-04-24 16:11:44,486 [INFO] TargetSelectorAdapter:224 - Refresh data is successful
2023-04-24 16:11:44,595 [INFO] ApiDb:479 - Connected to CubeFinder SQLite database (C:\Users\vigneshv\.stmcufinder\plugins\mcufinder\mcu\cube-finder-db.db)
2023-04-24 16:11:45,386 [INFO] DbExamplesSqlite:411 - Ignored 46 examples not supported by CubeIDE
2023-04-24 16:11:45,386 [INFO] DbExamplesSqlite:412 - Found 7328 examples active
2023-04-24 16:11:45,386 [INFO] DbExamplesSqlite:413 - Found 1095 examples obsolete
2023-04-24 16:11:45,386 [INFO] DbExamplesSqlite:414 - Found 0 examples under development
2023-04-24 16:11:45,386 [INFO] DbExamplesSqlite:415 - Found 77 examples not building
2023-04-24 16:11:45,446 [INFO] DbExamplesSqlite:108 - CubeFinder database Data Model version=2.1
2023-04-24 16:11:45,446 [INFO] DbExamplesSqlite:109 - CubeFinder database Configuration version=3.0.35
2023-04-24 16:11:45,446 [INFO] DbExamplesSqlite:110 - CubeFinder database generation date=2023-03-10 (1678456172)
2023-04-24 16:11:45,446 [INFO] DbExamplesSqlite:111 - CubeFinder database FW Pack versions=[FP-ATR-ASTRA1_V1.1.1, STM32Cube_FW_C0_V1.0.1, STM32Cube_FW_F0_V1.11.4, STM32Cube_FW_F3_V1.11.4, STM32Cube_FW_F4_V1.27.1, STM32Cube_FW_F7_V1.17.0, STM32Cube_FW_G0_V1.6.1, STM32Cube_FW_G4_V1.5.1, STM32Cube_FW_H5_V0.5.1, STM32Cube_FW_H5_V1.0.0, STM32Cube_FW_H7_V1.11.0, STM32Cube_FW_L0_V1.12.2, STM32Cube_FW_L5_V1.5.0, STM32Cube_FW_U5_V1.2.0, STM32Cube_FW_WBA_V1.0.0, STM32Cube_FW_WBA_V1.0.0RC1, STM32Cube_FW_WBA_V1.0.0RC3, STM32Cube_FW_WB_V1.15.0RC1, STM32Cube_FW_WB_V1.16.0, STM32Cube_FW_WB_V1.16.0RC2, STM32Cube_FW_WL_V1.3.0, X-CUBE-ALGOBUILD_V1.3.0, X-CUBE-ALS_V1.0.1, X-CUBE-AZRTOS-F4_V1.1.0, X-CUBE-AZRTOS-F7_V1.1.0, X-CUBE-AZRTOS-G0_V1.1.0, X-CUBE-AZRTOS-G4_V1.0.0, X-CUBE-AZRTOS-H7_V3.0.0, X-CUBE-AZRTOS-L4_V1.0.0, X-CUBE-AZRTOS-L5_V1.1.0, X-CUBE-AZRTOS-WB_V1.1.0, X-CUBE-AZRTOS-WL_V1.0.0, X-CUBE-BLE1_V6.2.4, X-CUBE-BLE2_V3.3.0, X-CUBE-BLEMGR_V1.3.0, X-CUBE-EEPRMA1_V4.1.0, X-CUBE-GNSS1_V6.0.0, X-CUBE-MEMS1_V9.1.0, X-CUBE-MEMS1_V9.4.0, X-CUBE-MEMS1_V9.5.0, X-CUBE-NFC4_V3.0.0, X-CUBE-NFC7_V1.0.0, X-CUBE-SFXS2LP1_V4.0.0, X-CUBE-SUBG2_V5.0.0]
2023-04-24 16:11:45,447 [INFO] DbExamples:130 - Found 7359 examples
2023-04-24 16:11:46,067 [ERROR] DbExamples:206 - Found 7359 examples with invalid data (board or MCU)
2023-04-24 16:11:46,067 [INFO] DbExamples:222 - Found 79 boards with related examples
2023-04-24 16:11:46,068 [INFO] DbExamples:235 - Found 0 MCUs with related examples
2023-04-24 16:11:46,090 [INFO] ApiDb:242 - User favorites file not found: C:\Users\vigneshv/.stm32cubeide/favorites.examples.txt
2023-04-24 16:11:46,090 [INFO] DbExamples:256 - Set 0 / 0 favorites Examples
2023-04-24 16:11:46,484 [INFO] McuFinderGlobals:52 - Set McuFinderConnectedMode to false
2023-04-24 16:11:46,619 [INFO] CrossSelectorPresenter:1330 - Cross Selector saved comparison directory: C:\Users\vigneshv\.stmcufinder\plugins\mcufinder\mcu\cs_comparisons_mx
2023-04-24 16:11:46,626 [INFO] MultiScanPanel:197 - Auto-refresh data requested => check proxy status ongoing
2023-04-24 16:11:46,626 [INFO] MultiScanPanel:201 - Proxy status is invalid
2023-04-24 16:11:46,629 [INFO] FinderPluginLoader:87 - Searching for filters in installed packs
2023-04-24 16:11:47,293 [INFO] DetailPanel:309 - Set advertising image to C:/Users/vigneshv/STM32Cube/Repository/\en.prom-stm32h5-mcu-finder.jpg
2023-04-24 16:12:03,361 [INFO] MultiScanPanel:197 - Auto-refresh data requested => check proxy status ongoing
2023-04-24 16:12:03,361 [INFO] MultiScanPanel:201 - Proxy status is invalid
2023-04-24 16:12:03,470 [INFO] DetailPanel:309 - Set advertising image to C:/Users/vigneshv/STM32Cube/Repository/\en.prom-stm32h5-mcu-finder.jpg
2023-04-24 16:13:01,395 [INFO] McuFinderGlobals:52 - Set McuFinderConnectedMode to true
2023-04-24 16:13:01,396 [INFO] ApiDb:276 - Save user favorites file C:\Users\vigneshv/.stm32cubeide/favorites.mcus.txt: 0 item(s)
2023-04-24 16:13:01,397 [INFO] ApiDb:280 - User favorites MCUs=[]
2023-04-24 16:13:01,398 [INFO] ApiDb:276 - Save user favorites file C:\Users\vigneshv/.stm32cubeide/favorites.boards.txt: 0 item(s)
2023-04-24 16:13:01,399 [INFO] ApiDb:280 - User favorites Boards=[]
2023-04-25 06:20:53,560 [INFO] Activator:177 - 


2023-04-25 06:20:53,560 [INFO] Activator:178 - !SESSION log4j initialized
